<?xml version="1.0" encoding="UTF-8"?>
<testsuites name="Mocha Tests" time="3.428" tests="2" failures="0">
  <testsuite name="Root Suite" timestamp="2026-05-10T16:18:48" tests="0" file="cypress/e2e/login.cy.js" time="0.000" failures="0">
  </testsuite>
  <testsuite name="Login" timestamp="2026-05-10T16:18:48" tests="2" time="3.428" failures="0">
    <testcase name="Login Realizar Login com Sucesso" time="1.052" classname="Realizar Login com Sucesso">
    </testcase>
    <testcase name="Login Realizar Login com Email e Senha Inválidos" time="1.303" classname="Realizar Login com Email e Senha Inválidos">
    </testcase>
  </testsuite>
</testsuites>