<?xml version="1.0" encoding="UTF-8"?>
<testsuites name="Mocha Tests" time="3.050" tests="1" failures="0">
  <testsuite name="Root Suite" timestamp="2026-05-10T16:18:43" tests="0" file="cypress/e2e/dashboard.cy.js" time="0.000" failures="0">
  </testsuite>
  <testsuite name="Dashboard" timestamp="2026-05-10T16:18:43" tests="1" time="3.047" failures="0">
    <testcase name="Dashboard Acessar o Menu de Campanha na Página Dashboard e Suas Funcionalidades" time="1.499" classname="Acessar o Menu de Campanha na Página Dashboard e Suas Funcionalidades">
    </testcase>
  </testsuite>
</testsuites>